# JRE version: Java(TM) SE Runtime Environment (20.0+36) (build 20+36-2344)
# Java VM: Java HotSpot(TM) 64-Bit Server VM (20+36-2344, mixed mode, emulated-client, sharing, tiered, compressed oops, compressed class ptrs, g1 gc, windows-amd64)
GC Precious Log:
 CardTable entry size: 512
 Card Set container configuration: InlinePtr #cards 4 size 8 Array Of Cards #cards 16 size 48 Howl #buckets 8 coarsen threshold 3686 Howl Bitmap #cards 512 size 80 coarsen threshold 460 Card regions per heap region 1 cards per card region 4096
 CPUs: 8 total, 8 available
 Memory: 16064M
 Large Page Support: Disabled
 NUMA Support: Disabled
 Compressed Oops: Enabled (Zero based)
 Heap Region Size: 2M
 Heap Min Capacity: 8M
 Heap Initial Capacity: 252M
 Heap Max Capacity: 4018M
 Pre-touch: Disabled
 Parallel Workers: 8
 Concurrent Workers: 2
 Concurrent Refinement Workers: 8
 Periodic GC: Disabled
Heap:
 garbage-first heap   total 157696K, used 136379K [0x0000000704e00000, 0x0000000800000000)
  region size 2048K, 41 young (83968K), 3 survivors (6144K)
 Metaspace       used 88098K, committed 89024K, reserved 1179648K
  class space    used 11922K, committed 12352K, reserved 1048576K
GC Heap History (20 events):
Event: 59711.612 GC heap after
{Heap after GC invocations=57 (full 3):
 garbage-first heap   total 131072K, used 44283K [0x0000000704e00000, 0x0000000800000000)
  region size 2048K, 3 young (6144K), 3 survivors (6144K)
 Metaspace       used 86116K, committed 87104K, reserved 1179648K
  class space    used 11734K, committed 12224K, reserved 1048576K
}
Event: 60152.819 GC heap before
{Heap before GC invocations=57 (full 3):
 garbage-first heap   total 131072K, used 111867K [0x0000000704e00000, 0x0000000800000000)
  region size 2048K, 36 young (73728K), 3 survivors (6144K)
 Metaspace       used 86127K, committed 87104K, reserved 1179648K
  class space    used 11736K, committed 12224K, reserved 1048576K
}
Event: 60152.827 GC heap after
{Heap after GC invocations=58 (full 3):
 garbage-first heap   total 131072K, used 44197K [0x0000000704e00000, 0x0000000800000000)
  region size 2048K, 3 young (6144K), 3 survivors (6144K)
 Metaspace       used 86127K, committed 87104K, reserved 1179648K
  class space    used 11736K, committed 12224K, reserved 1048576K
}
Event: 60411.208 GC heap before
{Heap before GC invocations=59 (full 3):
 garbage-first heap   total 131072K, used 111781K [0x0000000704e00000, 0x0000000800000000)
  region size 2048K, 36 young (73728K), 3 survivors (6144K)
 Metaspace       used 86136K, committed 87104K, reserved 1179648K
  class space    used 11726K, committed 12224K, reserved 1048576K
}
Event: 60411.212 GC heap after
{Heap after GC invocations=60 (full 3):
 garbage-first heap   total 131072K, used 45794K [0x0000000704e00000, 0x0000000800000000)
  region size 2048K, 4 young (8192K), 4 survivors (8192K)
 Metaspace       used 86136K, committed 87104K, reserved 1179648K
  class space    used 11726K, committed 12224K, reserved 1048576K
}
Event: 60411.607 GC heap before
{Heap before GC invocations=60 (full 3):
 garbage-first heap   total 131072K, used 109282K [0x0000000704e00000, 0x0000000800000000)
  region size 2048K, 35 young (71680K), 4 survivors (8192K)
 Metaspace       used 86612K, committed 87552K, reserved 1179648K
  class space    used 11794K, committed 12224K, reserved 1048576K
}
Event: 60411.612 GC heap after
{Heap after GC invocations=61 (full 3):
 garbage-first heap   total 131072K, used 49231K [0x0000000704e00000, 0x0000000800000000)
  region size 2048K, 4 young (8192K), 4 survivors (8192K)
 Metaspace       used 86612K, committed 87552K, reserved 1179648K
  class space    used 11794K, committed 12224K, reserved 1048576K
}
Event: 60494.719 GC heap before
{Heap before GC invocations=61 (full 3):
 garbage-first heap   total 131072K, used 110671K [0x0000000704e00000, 0x0000000800000000)
  region size 2048K, 34 young (69632K), 4 survivors (8192K)
 Metaspace       used 86868K, committed 87808K, reserved 1179648K
  class space    used 11824K, committed 12224K, reserved 1048576K
}
Event: 60494.723 GC heap after
{Heap after GC invocations=62 (full 3):
 garbage-first heap   total 131072K, used 50891K [0x0000000704e00000, 0x0000000800000000)
  region size 2048K, 4 young (8192K), 4 survivors (8192K)
 Metaspace       used 86868K, committed 87808K, reserved 1179648K
  class space    used 11824K, committed 12224K, reserved 1048576K
}
Event: 60495.149 GC heap before
{Heap before GC invocations=63 (full 3):
 garbage-first heap   total 131072K, used 110283K [0x0000000704e00000, 0x0000000800000000)
  region size 2048K, 33 young (67584K), 4 survivors (8192K)
 Metaspace       used 87157K, committed 88064K, reserved 1179648K
  class space    used 11836K, committed 12224K, reserved 1048576K
}
Event: 60495.153 GC heap after
{Heap after GC invocations=64 (full 3):
 garbage-first heap   total 131072K, used 52523K [0x0000000704e00000, 0x0000000800000000)
  region size 2048K, 3 young (6144K), 3 survivors (6144K)
 Metaspace       used 87157K, committed 88064K, reserved 1179648K
  class space    used 11836K, committed 12224K, reserved 1048576K
}
Event: 60545.867 GC heap before
{Heap before GC invocations=64 (full 3):
 garbage-first heap   total 131072K, used 111915K [0x0000000704e00000, 0x0000000800000000)
  region size 2048K, 32 young (65536K), 3 survivors (6144K)
 Metaspace       used 87340K, committed 88256K, reserved 1179648K
  class space    used 11865K, committed 12288K, reserved 1048576K
}
Event: 60545.872 GC heap after
{Heap after GC invocations=65 (full 3):
 garbage-first heap   total 131072K, used 53138K [0x0000000704e00000, 0x0000000800000000)
  region size 2048K, 3 young (6144K), 3 survivors (6144K)
 Metaspace       used 87340K, committed 88256K, reserved 1179648K
  class space    used 11865K, committed 12288K, reserved 1048576K
}
Event: 60546.820 GC heap before
{Heap before GC invocations=65 (full 3):
 garbage-first heap   total 131072K, used 112530K [0x0000000704e00000, 0x0000000800000000)
  region size 2048K, 32 young (65536K), 3 survivors (6144K)
 Metaspace       used 87681K, committed 88576K, reserved 1179648K
  class space    used 11890K, committed 12288K, reserved 1048576K
}
Event: 60546.828 GC heap after
{Heap after GC invocations=66 (full 3):
 garbage-first heap   total 131072K, used 53720K [0x0000000704e00000, 0x0000000800000000)
  region size 2048K, 3 young (6144K), 3 survivors (6144K)
 Metaspace       used 87681K, committed 88576K, reserved 1179648K
  class space    used 11890K, committed 12288K, reserved 1048576K
}
Event: 60584.545 GC heap before
{Heap before GC invocations=67 (full 3):
 garbage-first heap   total 131072K, used 113112K [0x0000000704e00000, 0x0000000800000000)
  region size 2048K, 32 young (65536K), 3 survivors (6144K)
 Metaspace       used 87738K, committed 88640K, reserved 1179648K
  class space    used 11892K, committed 12288K, reserved 1048576K
}
Event: 60584.549 GC heap after
{Heap after GC invocations=68 (full 3):
 garbage-first heap   total 157696K, used 56632K [0x0000000704e00000, 0x0000000800000000)
  region size 2048K, 4 young (8192K), 4 survivors (8192K)
 Metaspace       used 87738K, committed 88640K, reserved 1179648K
  class space    used 11892K, committed 12288K, reserved 1048576K
}
Event: 60679.556 GC heap before
{Heap before GC invocations=68 (full 3):
 garbage-first heap   total 157696K, used 136504K [0x0000000704e00000, 0x0000000800000000)
  region size 2048K, 43 young (88064K), 4 survivors (8192K)
 Metaspace       used 88091K, committed 89024K, reserved 1179648K
  class space    used 11920K, committed 12352K, reserved 1048576K
}
Event: 60679.561 GC heap after
{Heap after GC invocations=69 (full 3):
 garbage-first heap   total 157696K, used 58555K [0x0000000704e00000, 0x0000000800000000)
  region size 2048K, 4 young (8192K), 4 survivors (8192K)
 Metaspace       used 88091K, committed 89024K, reserved 1179648K
  class space    used 11920K, committed 12352K, reserved 1048576K
}
Event: 60880.821 GC heap before
{Heap before GC invocations=69 (full 3):
 garbage-first heap   total 157696K, used 136379K [0x0000000704e00000, 0x0000000800000000)
  region size 2048K, 42 young (86016K), 4 survivors (8192K)
 Metaspace       used 88098K, committed 89024K, reserved 1179648K
  class space    used 11922K, committed 12352K, reserved 1048576K
}

