# JRE version: Java(TM) SE Runtime Environment (20.0+36) (build 20+36-2344)
# Java VM: Java HotSpot(TM) 64-Bit Server VM (20+36-2344, mixed mode, emulated-client, sharing, tiered, compressed oops, compressed class ptrs, g1 gc, windows-amd64)
GC Precious Log:
 CardTable entry size: 512
 Card Set container configuration: InlinePtr #cards 4 size 8 Array Of Cards #cards 16 size 48 Howl #buckets 8 coarsen threshold 3686 Howl Bitmap #cards 512 size 80 coarsen threshold 460 Card regions per heap region 1 cards per card region 4096
 CPUs: 8 total, 8 available
 Memory: 16064M
 Large Page Support: Disabled
 NUMA Support: Disabled
 Compressed Oops: Enabled (Zero based)
 Heap Region Size: 2M
 Heap Min Capacity: 8M
 Heap Initial Capacity: 252M
 Heap Max Capacity: 4018M
 Pre-touch: Disabled
 Parallel Workers: 8
 Concurrent Workers: 2
 Concurrent Refinement Workers: 8
 Periodic GC: Disabled
Heap:
 garbage-first heap   total 137216K, used 104624K [0x0000000704e00000, 0x0000000800000000)
  region size 2048K, 26 young (53248K), 3 survivors (6144K)
 Metaspace       used 82650K, committed 83840K, reserved 1179648K
  class space    used 11426K, committed 11968K, reserved 1048576K
GC Heap History (20 events):
Event: 3.946 GC heap before
{Heap before GC invocations=18 (full 0):
 garbage-first heap   total 92160K, used 75680K [0x0000000704e00000, 0x0000000800000000)
  region size 2048K, 27 young (55296K), 3 survivors (6144K)
 Metaspace       used 57517K, committed 58176K, reserved 1114112K
  class space    used 7866K, committed 8192K, reserved 1048576K
}
Event: 3.954 GC heap after
{Heap after GC invocations=19 (full 0):
 garbage-first heap   total 92160K, used 29208K [0x0000000704e00000, 0x0000000800000000)
  region size 2048K, 3 young (6144K), 3 survivors (6144K)
 Metaspace       used 57517K, committed 58176K, reserved 1114112K
  class space    used 7866K, committed 8192K, reserved 1048576K
}
Event: 4.229 GC heap before
{Heap before GC invocations=19 (full 0):
 garbage-first heap   total 92160K, used 76312K [0x0000000704e00000, 0x0000000800000000)
  region size 2048K, 26 young (53248K), 3 survivors (6144K)
 Metaspace       used 61721K, committed 62400K, reserved 1114112K
  class space    used 8526K, committed 8832K, reserved 1048576K
}
Event: 4.231 GC heap after
{Heap after GC invocations=20 (full 0):
 garbage-first heap   total 92160K, used 29829K [0x0000000704e00000, 0x0000000800000000)
  region size 2048K, 3 young (6144K), 3 survivors (6144K)
 Metaspace       used 61721K, committed 62400K, reserved 1114112K
  class space    used 8526K, committed 8832K, reserved 1048576K
}
Event: 4.498 GC heap before
{Heap before GC invocations=20 (full 0):
 garbage-first heap   total 92160K, used 74885K [0x0000000704e00000, 0x0000000800000000)
  region size 2048K, 26 young (53248K), 3 survivors (6144K)
 Metaspace       used 65754K, committed 66432K, reserved 1114112K
  class space    used 9063K, committed 9344K, reserved 1048576K
}
Event: 4.502 GC heap after
{Heap after GC invocations=21 (full 0):
 garbage-first heap   total 92160K, used 31356K [0x0000000704e00000, 0x0000000800000000)
  region size 2048K, 3 young (6144K), 3 survivors (6144K)
 Metaspace       used 65754K, committed 66432K, reserved 1114112K
  class space    used 9063K, committed 9344K, reserved 1048576K
}
Event: 4.767 GC heap before
{Heap before GC invocations=22 (full 0):
 garbage-first heap   total 92160K, used 78460K [0x0000000704e00000, 0x0000000800000000)
  region size 2048K, 26 young (53248K), 3 survivors (6144K)
 Metaspace       used 66938K, committed 67712K, reserved 1114112K
  class space    used 9293K, committed 9664K, reserved 1048576K
}
Event: 4.770 GC heap after
{Heap after GC invocations=23 (full 0):
 garbage-first heap   total 110592K, used 33089K [0x0000000704e00000, 0x0000000800000000)
  region size 2048K, 3 young (6144K), 3 survivors (6144K)
 Metaspace       used 66938K, committed 67712K, reserved 1114112K
  class space    used 9293K, committed 9664K, reserved 1048576K
}
Event: 5.038 GC heap before
{Heap before GC invocations=23 (full 0):
 garbage-first heap   total 110592K, used 92481K [0x0000000704e00000, 0x0000000800000000)
  region size 2048K, 32 young (65536K), 3 survivors (6144K)
 Metaspace       used 68960K, committed 69760K, reserved 1114112K
  class space    used 9543K, committed 9920K, reserved 1048576K
}
Event: 5.045 GC heap after
{Heap after GC invocations=24 (full 0):
 garbage-first heap   total 110592K, used 39813K [0x0000000704e00000, 0x0000000800000000)
  region size 2048K, 4 young (8192K), 4 survivors (8192K)
 Metaspace       used 68960K, committed 69760K, reserved 1114112K
  class space    used 9543K, committed 9920K, reserved 1048576K
}
Event: 5.148 GC heap before
{Heap before GC invocations=24 (full 0):
 garbage-first heap   total 110592K, used 91013K [0x0000000704e00000, 0x0000000800000000)
  region size 2048K, 30 young (61440K), 4 survivors (8192K)
 Metaspace       used 69061K, committed 69888K, reserved 1114112K
  class space    used 9557K, committed 9920K, reserved 1048576K
}
Event: 5.157 GC heap after
{Heap after GC invocations=25 (full 0):
 garbage-first heap   total 114688K, used 52145K [0x0000000704e00000, 0x0000000800000000)
  region size 2048K, 4 young (8192K), 4 survivors (8192K)
 Metaspace       used 69061K, committed 69888K, reserved 1114112K
  class space    used 9557K, committed 9920K, reserved 1048576K
}
Event: 5.332 GC heap before
{Heap before GC invocations=26 (full 0):
 garbage-first heap   total 131072K, used 93105K [0x0000000704e00000, 0x0000000800000000)
  region size 2048K, 25 young (51200K), 4 survivors (8192K)
 Metaspace       used 69578K, committed 70400K, reserved 1114112K
  class space    used 9649K, committed 10048K, reserved 1048576K
}
Event: 5.335 GC heap after
{Heap after GC invocations=27 (full 0):
 garbage-first heap   total 131072K, used 50817K [0x0000000704e00000, 0x0000000800000000)
  region size 2048K, 1 young (2048K), 1 survivors (2048K)
 Metaspace       used 69578K, committed 70400K, reserved 1114112K
  class space    used 9649K, committed 10048K, reserved 1048576K
}
Event: 13.122 GC heap before
{Heap before GC invocations=27 (full 0):
 garbage-first heap   total 131072K, used 112257K [0x0000000704e00000, 0x0000000800000000)
  region size 2048K, 31 young (63488K), 1 survivors (2048K)
 Metaspace       used 74095K, committed 75072K, reserved 1114112K
  class space    used 10288K, committed 10752K, reserved 1048576K
}
Event: 13.131 GC heap after
{Heap after GC invocations=28 (full 0):
 garbage-first heap   total 131072K, used 52529K [0x0000000704e00000, 0x0000000800000000)
  region size 2048K, 2 young (4096K), 2 survivors (4096K)
 Metaspace       used 74095K, committed 75072K, reserved 1114112K
  class space    used 10288K, committed 10752K, reserved 1048576K
}
Event: 13.427 GC heap before
{Heap before GC invocations=28 (full 0):
 garbage-first heap   total 131072K, used 81201K [0x0000000704e00000, 0x0000000800000000)
  region size 2048K, 18 young (36864K), 2 survivors (4096K)
 Metaspace       used 76464K, committed 77504K, reserved 1179648K
  class space    used 10624K, committed 11136K, reserved 1048576K
}
Event: 13.433 GC heap after
{Heap after GC invocations=29 (full 0):
 garbage-first heap   total 131072K, used 57244K [0x0000000704e00000, 0x0000000800000000)
  region size 2048K, 4 young (8192K), 4 survivors (8192K)
 Metaspace       used 76464K, committed 77504K, reserved 1179648K
  class space    used 10624K, committed 11136K, reserved 1048576K
}
Event: 13.965 GC heap before
{Heap before GC invocations=30 (full 0):
 garbage-first heap   total 131072K, used 120732K [0x0000000704e00000, 0x0000000800000000)
  region size 2048K, 32 young (65536K), 4 survivors (8192K)
 Metaspace       used 79596K, committed 80768K, reserved 1179648K
  class space    used 10987K, committed 11520K, reserved 1048576K
}
Event: 13.972 GC heap after
{Heap after GC invocations=31 (full 0):
 garbage-first heap   total 137216K, used 61616K [0x0000000704e00000, 0x0000000800000000)
  region size 2048K, 3 young (6144K), 3 survivors (6144K)
 Metaspace       used 79596K, committed 80768K, reserved 1179648K
  class space    used 10987K, committed 11520K, reserved 1048576K
}

