# JRE version: Java(TM) SE Runtime Environment (20.0+36) (build 20+36-2344)
# Java VM: Java HotSpot(TM) 64-Bit Server VM (20+36-2344, mixed mode, emulated-client, sharing, tiered, compressed oops, compressed class ptrs, g1 gc, windows-amd64)
GC Precious Log:
 CardTable entry size: 512
 Card Set container configuration: InlinePtr #cards 4 size 8 Array Of Cards #cards 16 size 48 Howl #buckets 8 coarsen threshold 3686 Howl Bitmap #cards 512 size 80 coarsen threshold 460 Card regions per heap region 1 cards per card region 4096
 CPUs: 8 total, 8 available
 Memory: 16064M
 Large Page Support: Disabled
 NUMA Support: Disabled
 Compressed Oops: Enabled (Zero based)
 Heap Region Size: 2M
 Heap Min Capacity: 8M
 Heap Initial Capacity: 252M
 Heap Max Capacity: 4018M
 Pre-touch: Disabled
 Parallel Workers: 8
 Concurrent Workers: 2
 Concurrent Refinement Workers: 8
 Periodic GC: Disabled
Heap:
 garbage-first heap   total 143360K, used 110008K [0x0000000704e00000, 0x0000000800000000)
  region size 2048K, 27 young (55296K), 5 survivors (10240K)
 Metaspace       used 91712K, committed 92736K, reserved 1179648K
  class space    used 12273K, committed 12736K, reserved 1048576K
GC Heap History (20 events):
Event: 6632.806 GC heap after
{Heap after GC invocations=130 (full 13):
 garbage-first heap   total 131072K, used 43570K [0x0000000704e00000, 0x0000000800000000)
  region size 2048K, 2 young (4096K), 2 survivors (4096K)
 Metaspace       used 90347K, committed 91392K, reserved 1179648K
  class space    used 12154K, committed 12608K, reserved 1048576K
}
Event: 6804.277 GC heap before
{Heap before GC invocations=131 (full 13):
 garbage-first heap   total 131072K, used 80434K [0x0000000704e00000, 0x0000000800000000)
  region size 2048K, 21 young (43008K), 2 survivors (4096K)
 Metaspace       used 90635K, committed 91712K, reserved 1179648K
  class space    used 12204K, committed 12672K, reserved 1048576K
}
Event: 6804.323 GC heap after
{Heap after GC invocations=132 (full 14):
 garbage-first heap   total 131072K, used 37675K [0x0000000704e00000, 0x0000000800000000)
  region size 2048K, 0 young (0K), 0 survivors (0K)
 Metaspace       used 90567K, committed 91712K, reserved 1179648K
  class space    used 12187K, committed 12672K, reserved 1048576K
}
Event: 6804.950 GC heap before
{Heap before GC invocations=132 (full 14):
 garbage-first heap   total 131072K, used 107307K [0x0000000704e00000, 0x0000000800000000)
  region size 2048K, 35 young (71680K), 0 survivors (0K)
 Metaspace       used 90917K, committed 92032K, reserved 1179648K
  class space    used 12233K, committed 12736K, reserved 1048576K
}
Event: 6804.953 GC heap after
{Heap after GC invocations=133 (full 14):
 garbage-first heap   total 131072K, used 42846K [0x0000000704e00000, 0x0000000800000000)
  region size 2048K, 3 young (6144K), 3 survivors (6144K)
 Metaspace       used 90917K, committed 92032K, reserved 1179648K
  class space    used 12233K, committed 12736K, reserved 1048576K
}
Event: 6806.142 GC heap before
{Heap before GC invocations=134 (full 14):
 garbage-first heap   total 131072K, used 110430K [0x0000000704e00000, 0x0000000800000000)
  region size 2048K, 36 young (73728K), 3 survivors (6144K)
 Metaspace       used 91044K, committed 92160K, reserved 1179648K
  class space    used 12208K, committed 12736K, reserved 1048576K
}
Event: 6806.147 GC heap after
{Heap after GC invocations=135 (full 14):
 garbage-first heap   total 131072K, used 48507K [0x0000000704e00000, 0x0000000800000000)
  region size 2048K, 5 young (10240K), 5 survivors (10240K)
 Metaspace       used 91044K, committed 92160K, reserved 1179648K
  class space    used 12208K, committed 12736K, reserved 1048576K
}
Event: 6806.216 GC heap before
{Heap before GC invocations=135 (full 14):
 garbage-first heap   total 131072K, used 105851K [0x0000000704e00000, 0x0000000800000000)
  region size 2048K, 34 young (69632K), 5 survivors (10240K)
 Metaspace       used 91044K, committed 92160K, reserved 1179648K
  class space    used 12208K, committed 12736K, reserved 1048576K
}
Event: 6806.222 GC heap after
{Heap after GC invocations=136 (full 14):
 garbage-first heap   total 131072K, used 52913K [0x0000000704e00000, 0x0000000800000000)
  region size 2048K, 4 young (8192K), 4 survivors (8192K)
 Metaspace       used 91044K, committed 92160K, reserved 1179648K
  class space    used 12208K, committed 12736K, reserved 1048576K
}
Event: 6854.513 GC heap before
{Heap before GC invocations=136 (full 14):
 garbage-first heap   total 131072K, used 108209K [0x0000000704e00000, 0x0000000800000000)
  region size 2048K, 32 young (65536K), 4 survivors (8192K)
 Metaspace       used 91063K, committed 92160K, reserved 1179648K
  class space    used 12213K, committed 12736K, reserved 1048576K
}
Event: 6854.515 GC heap after
{Heap after GC invocations=137 (full 14):
 garbage-first heap   total 262144K, used 48533K [0x0000000704e00000, 0x0000000800000000)
  region size 2048K, 1 young (2048K), 1 survivors (2048K)
 Metaspace       used 91063K, committed 92160K, reserved 1179648K
  class space    used 12213K, committed 12736K, reserved 1048576K
}
Event: 6869.533 GC heap before
{Heap before GC invocations=138 (full 14):
 garbage-first heap   total 178176K, used 50581K [0x0000000704e00000, 0x0000000800000000)
  region size 2048K, 3 young (6144K), 1 survivors (2048K)
 Metaspace       used 91052K, committed 92160K, reserved 1179648K
  class space    used 12211K, committed 12736K, reserved 1048576K
}
Event: 6869.572 GC heap after
{Heap after GC invocations=139 (full 15):
 garbage-first heap   total 137216K, used 35452K [0x0000000704e00000, 0x0000000800000000)
  region size 2048K, 0 young (0K), 0 survivors (0K)
 Metaspace       used 91052K, committed 92160K, reserved 1179648K
  class space    used 12211K, committed 12736K, reserved 1048576K
}
Event: 6870.147 GC heap before
{Heap before GC invocations=139 (full 15):
 garbage-first heap   total 137216K, used 113276K [0x0000000704e00000, 0x0000000800000000)
  region size 2048K, 38 young (77824K), 0 survivors (0K)
 Metaspace       used 91428K, committed 92480K, reserved 1179648K
  class space    used 12251K, committed 12736K, reserved 1048576K
}
Event: 6870.150 GC heap after
{Heap after GC invocations=140 (full 15):
 garbage-first heap   total 137216K, used 40742K [0x0000000704e00000, 0x0000000800000000)
  region size 2048K, 3 young (6144K), 3 survivors (6144K)
 Metaspace       used 91428K, committed 92480K, reserved 1179648K
  class space    used 12251K, committed 12736K, reserved 1048576K
}
Event: 6870.401 GC heap before
{Heap before GC invocations=141 (full 15):
 garbage-first heap   total 137216K, used 112422K [0x0000000704e00000, 0x0000000800000000)
  region size 2048K, 39 young (79872K), 3 survivors (6144K)
 Metaspace       used 91678K, committed 92736K, reserved 1179648K
  class space    used 12266K, committed 12736K, reserved 1048576K
}
Event: 6870.407 GC heap after
{Heap after GC invocations=142 (full 15):
 garbage-first heap   total 137216K, used 50157K [0x0000000704e00000, 0x0000000800000000)
  region size 2048K, 5 young (10240K), 5 survivors (10240K)
 Metaspace       used 91678K, committed 92736K, reserved 1179648K
  class space    used 12266K, committed 12736K, reserved 1048576K
}
Event: 6870.482 GC heap before
{Heap before GC invocations=142 (full 15):
 garbage-first heap   total 137216K, used 109549K [0x0000000704e00000, 0x0000000800000000)
  region size 2048K, 35 young (71680K), 5 survivors (10240K)
 Metaspace       used 91690K, committed 92736K, reserved 1179648K
  class space    used 12269K, committed 12736K, reserved 1048576K
}
Event: 6870.491 GC heap after
{Heap after GC invocations=143 (full 15):
 garbage-first heap   total 143360K, used 65144K [0x0000000704e00000, 0x0000000800000000)
  region size 2048K, 5 young (10240K), 5 survivors (10240K)
 Metaspace       used 91690K, committed 92736K, reserved 1179648K
  class space    used 12269K, committed 12736K, reserved 1048576K
}
Event: 6916.590 GC heap before
{Heap before GC invocations=143 (full 15):
 garbage-first heap   total 143360K, used 108152K [0x0000000704e00000, 0x0000000800000000)
  region size 2048K, 27 young (55296K), 5 survivors (10240K)
 Metaspace       used 91712K, committed 92736K, reserved 1179648K
  class space    used 12273K, committed 12736K, reserved 1048576K
}

