# JRE version: Java(TM) SE Runtime Environment (20.0+36) (build 20+36-2344)
# Java VM: Java HotSpot(TM) 64-Bit Server VM (20+36-2344, mixed mode, emulated-client, sharing, tiered, compressed oops, compressed class ptrs, g1 gc, windows-amd64)
GC Precious Log:
 CardTable entry size: 512
 Card Set container configuration: InlinePtr #cards 4 size 8 Array Of Cards #cards 16 size 48 Howl #buckets 8 coarsen threshold 3686 Howl Bitmap #cards 512 size 80 coarsen threshold 460 Card regions per heap region 1 cards per card region 4096
 CPUs: 8 total, 8 available
 Memory: 16064M
 Large Page Support: Disabled
 NUMA Support: Disabled
 Compressed Oops: Enabled (Zero based)
 Heap Region Size: 2M
 Heap Min Capacity: 8M
 Heap Initial Capacity: 252M
 Heap Max Capacity: 4018M
 Pre-touch: Disabled
 Parallel Workers: 8
 Concurrent Workers: 2
 Concurrent Refinement Workers: 8
 Periodic GC: Disabled
Heap:
 garbage-first heap   total 178176K, used 89277K [0x0000000704e00000, 0x0000000800000000)
  region size 2048K, 15 young (30720K), 2 survivors (4096K)
 Metaspace       used 82791K, committed 84608K, reserved 1179648K
  class space    used 11382K, committed 12096K, reserved 1048576K
GC Heap History (20 events):
Event: 4.608 GC heap before
{Heap before GC invocations=18 (full 0):
 garbage-first heap   total 98304K, used 82235K [0x0000000704e00000, 0x0000000800000000)
  region size 2048K, 28 young (57344K), 2 survivors (4096K)
 Metaspace       used 62349K, committed 63040K, reserved 1114112K
  class space    used 8625K, committed 8896K, reserved 1048576K
}
Event: 4.611 GC heap after
{Heap after GC invocations=19 (full 0):
 garbage-first heap   total 98304K, used 30080K [0x0000000704e00000, 0x0000000800000000)
  region size 2048K, 3 young (6144K), 3 survivors (6144K)
 Metaspace       used 62349K, committed 63040K, reserved 1114112K
  class space    used 8625K, committed 8896K, reserved 1048576K
}
Event: 4.917 GC heap before
{Heap before GC invocations=19 (full 0):
 garbage-first heap   total 98304K, used 79232K [0x0000000704e00000, 0x0000000800000000)
  region size 2048K, 28 young (57344K), 3 survivors (6144K)
 Metaspace       used 65752K, committed 66496K, reserved 1114112K
  class space    used 9101K, committed 9408K, reserved 1048576K
}
Event: 4.922 GC heap after
{Heap after GC invocations=20 (full 0):
 garbage-first heap   total 98304K, used 31854K [0x0000000704e00000, 0x0000000800000000)
  region size 2048K, 3 young (6144K), 3 survivors (6144K)
 Metaspace       used 65752K, committed 66496K, reserved 1114112K
  class space    used 9101K, committed 9408K, reserved 1048576K
}
Event: 5.259 GC heap before
{Heap before GC invocations=20 (full 0):
 garbage-first heap   total 98304K, used 81006K [0x0000000704e00000, 0x0000000800000000)
  region size 2048K, 28 young (57344K), 3 survivors (6144K)
 Metaspace       used 68137K, committed 68864K, reserved 1114112K
  class space    used 9435K, committed 9792K, reserved 1048576K
}
Event: 5.263 GC heap after
{Heap after GC invocations=21 (full 0):
 garbage-first heap   total 118784K, used 33848K [0x0000000704e00000, 0x0000000800000000)
  region size 2048K, 4 young (8192K), 4 survivors (8192K)
 Metaspace       used 68137K, committed 68864K, reserved 1114112K
  class space    used 9435K, committed 9792K, reserved 1048576K
}
Event: 5.423 GC heap before
{Heap before GC invocations=21 (full 0):
 garbage-first heap   total 118784K, used 93240K [0x0000000704e00000, 0x0000000800000000)
  region size 2048K, 34 young (69632K), 4 survivors (8192K)
 Metaspace       used 69239K, committed 70016K, reserved 1114112K
  class space    used 9560K, committed 9920K, reserved 1048576K
}
Event: 5.431 GC heap after
{Heap after GC invocations=22 (full 0):
 garbage-first heap   total 118784K, used 46303K [0x0000000704e00000, 0x0000000800000000)
  region size 2048K, 5 young (10240K), 5 survivors (10240K)
 Metaspace       used 69239K, committed 70016K, reserved 1114112K
  class space    used 9560K, committed 9920K, reserved 1048576K
}
Event: 5.505 GC heap before
{Heap before GC invocations=22 (full 0):
 garbage-first heap   total 118784K, used 97503K [0x0000000704e00000, 0x0000000800000000)
  region size 2048K, 31 young (63488K), 5 survivors (10240K)
 Metaspace       used 69325K, committed 70144K, reserved 1114112K
  class space    used 9573K, committed 9920K, reserved 1048576K
}
Event: 5.514 GC heap after
{Heap after GC invocations=23 (full 0):
 garbage-first heap   total 122880K, used 57660K [0x0000000704e00000, 0x0000000800000000)
  region size 2048K, 4 young (8192K), 4 survivors (8192K)
 Metaspace       used 69325K, committed 70144K, reserved 1114112K
  class space    used 9573K, committed 9920K, reserved 1048576K
}
Event: 5.745 GC heap before
{Heap before GC invocations=23 (full 0):
 garbage-first heap   total 122880K, used 100668K [0x0000000704e00000, 0x0000000800000000)
  region size 2048K, 25 young (51200K), 4 survivors (8192K)
 Metaspace       used 71047K, committed 71936K, reserved 1114112K
  class space    used 9832K, committed 10240K, reserved 1048576K
}
Event: 5.751 GC heap after
{Heap after GC invocations=24 (full 0):
 garbage-first heap   total 122880K, used 63572K [0x0000000704e00000, 0x0000000800000000)
  region size 2048K, 3 young (6144K), 3 survivors (6144K)
 Metaspace       used 71047K, committed 71936K, reserved 1114112K
  class space    used 9832K, committed 10240K, reserved 1048576K
}
Event: 22.024 GC heap before
{Heap before GC invocations=25 (full 0):
 garbage-first heap   total 122880K, used 100436K [0x0000000704e00000, 0x0000000800000000)
  region size 2048K, 22 young (45056K), 3 survivors (6144K)
 Metaspace       used 73843K, committed 74752K, reserved 1114112K
  class space    used 10248K, committed 10624K, reserved 1048576K
}
Event: 22.031 GC heap after
{Heap after GC invocations=26 (full 0):
 garbage-first heap   total 178176K, used 63956K [0x0000000704e00000, 0x0000000800000000)
  region size 2048K, 2 young (4096K), 2 survivors (4096K)
 Metaspace       used 73843K, committed 74752K, reserved 1114112K
  class space    used 10248K, committed 10624K, reserved 1048576K
}
Event: 22.607 GC heap before
{Heap before GC invocations=26 (full 0):
 garbage-first heap   total 178176K, used 145876K [0x0000000704e00000, 0x0000000800000000)
  region size 2048K, 39 young (79872K), 2 survivors (4096K)
 Metaspace       used 78616K, committed 79744K, reserved 1179648K
  class space    used 10847K, committed 11328K, reserved 1048576K
}
Event: 22.614 GC heap after
{Heap after GC invocations=27 (full 0):
 garbage-first heap   total 178176K, used 63107K [0x0000000704e00000, 0x0000000800000000)
  region size 2048K, 5 young (10240K), 5 survivors (10240K)
 Metaspace       used 78616K, committed 79744K, reserved 1179648K
  class space    used 10847K, committed 11328K, reserved 1048576K
}
Event: 56.374 GC heap before
{Heap before GC invocations=27 (full 0):
 garbage-first heap   total 178176K, used 140931K [0x0000000704e00000, 0x0000000800000000)
  region size 2048K, 44 young (90112K), 5 survivors (10240K)
 Metaspace       used 83401K, committed 84608K, reserved 1179648K
  class space    used 11540K, committed 12096K, reserved 1048576K
}
Event: 56.380 GC heap after
{Heap after GC invocations=28 (full 0):
 garbage-first heap   total 178176K, used 67071K [0x0000000704e00000, 0x0000000800000000)
  region size 2048K, 3 young (6144K), 3 survivors (6144K)
 Metaspace       used 83401K, committed 84608K, reserved 1179648K
  class space    used 11540K, committed 12096K, reserved 1048576K
}
Event: 568.591 GC heap before
{Heap before GC invocations=28 (full 0):
 garbage-first heap   total 178176K, used 144895K [0x0000000704e00000, 0x0000000800000000)
  region size 2048K, 42 young (86016K), 3 survivors (6144K)
 Metaspace       used 83407K, committed 84608K, reserved 1179648K
  class space    used 11541K, committed 12096K, reserved 1048576K
}
Event: 568.598 GC heap after
{Heap after GC invocations=29 (full 0):
 garbage-first heap   total 178176K, used 66749K [0x0000000704e00000, 0x0000000800000000)
  region size 2048K, 2 young (4096K), 2 survivors (4096K)
 Metaspace       used 83407K, committed 84608K, reserved 1179648K
  class space    used 11541K, committed 12096K, reserved 1048576K
}

