# JRE version: Java(TM) SE Runtime Environment (20.0+36) (build 20+36-2344)
# Java VM: Java HotSpot(TM) 64-Bit Server VM (20+36-2344, mixed mode, emulated-client, sharing, tiered, compressed oops, compressed class ptrs, g1 gc, windows-amd64)
GC Precious Log:
 CardTable entry size: 512
 Card Set container configuration: InlinePtr #cards 4 size 8 Array Of Cards #cards 16 size 48 Howl #buckets 8 coarsen threshold 3686 Howl Bitmap #cards 512 size 80 coarsen threshold 460 Card regions per heap region 1 cards per card region 4096
 CPUs: 8 total, 8 available
 Memory: 16064M
 Large Page Support: Disabled
 NUMA Support: Disabled
 Compressed Oops: Enabled (Zero based)
 Heap Region Size: 2M
 Heap Min Capacity: 8M
 Heap Initial Capacity: 252M
 Heap Max Capacity: 4018M
 Pre-touch: Disabled
 Parallel Workers: 8
 Concurrent Workers: 2
 Concurrent Refinement Workers: 8
 Periodic GC: Disabled
Heap:
 garbage-first heap   total 149504K, used 117403K [0x0000000704e00000, 0x0000000800000000)
  region size 2048K, 41 young (83968K), 3 survivors (6144K)
 Metaspace       used 85628K, committed 86720K, reserved 1179648K
  class space    used 11714K, committed 12224K, reserved 1048576K
GC Heap History (20 events):
Event: 795.795 GC heap after
{Heap after GC invocations=42 (full 3):
 garbage-first heap   total 147456K, used 39115K [0x0000000704e00000, 0x0000000800000000)
  region size 2048K, 0 young (0K), 0 survivors (0K)
 Metaspace       used 84320K, committed 85504K, reserved 1179648K
  class space    used 11584K, committed 12096K, reserved 1048576K
}
Event: 796.619 GC heap before
{Heap before GC invocations=42 (full 3):
 garbage-first heap   total 147456K, used 121035K [0x0000000704e00000, 0x0000000800000000)
  region size 2048K, 41 young (83968K), 0 survivors (0K)
 Metaspace       used 84764K, committed 85824K, reserved 1179648K
  class space    used 11634K, committed 12096K, reserved 1048576K
}
Event: 796.622 GC heap after
{Heap after GC invocations=43 (full 3):
 garbage-first heap   total 147456K, used 44827K [0x0000000704e00000, 0x0000000800000000)
  region size 2048K, 3 young (6144K), 3 survivors (6144K)
 Metaspace       used 84764K, committed 85824K, reserved 1179648K
  class space    used 11634K, committed 12096K, reserved 1048576K
}
Event: 796.829 GC heap before
{Heap before GC invocations=43 (full 3):
 garbage-first heap   total 147456K, used 120603K [0x0000000704e00000, 0x0000000800000000)
  region size 2048K, 41 young (83968K), 3 survivors (6144K)
 Metaspace       used 84928K, committed 85952K, reserved 1179648K
  class space    used 11644K, committed 12096K, reserved 1048576K
}
Event: 796.837 GC heap after
{Heap after GC invocations=44 (full 3):
 garbage-first heap   total 147456K, used 57547K [0x0000000704e00000, 0x0000000800000000)
  region size 2048K, 6 young (12288K), 6 survivors (12288K)
 Metaspace       used 84928K, committed 85952K, reserved 1179648K
  class space    used 11644K, committed 12096K, reserved 1048576K
}
Event: 796.918 GC heap before
{Heap before GC invocations=44 (full 3):
 garbage-first heap   total 147456K, used 116939K [0x0000000704e00000, 0x0000000800000000)
  region size 2048K, 36 young (73728K), 6 survivors (12288K)
 Metaspace       used 84930K, committed 85952K, reserved 1179648K
  class space    used 11645K, committed 12096K, reserved 1048576K
}
Event: 796.922 GC heap after
{Heap after GC invocations=45 (full 3):
 garbage-first heap   total 147456K, used 59092K [0x0000000704e00000, 0x0000000800000000)
  region size 2048K, 1 young (2048K), 1 survivors (2048K)
 Metaspace       used 84930K, committed 85952K, reserved 1179648K
  class space    used 11645K, committed 12096K, reserved 1048576K
}
Event: 881.038 GC heap before
{Heap before GC invocations=45 (full 3):
 garbage-first heap   total 147456K, used 106196K [0x0000000704e00000, 0x0000000800000000)
  region size 2048K, 25 young (51200K), 1 survivors (2048K)
 Metaspace       used 84965K, committed 86080K, reserved 1179648K
  class space    used 11652K, committed 12160K, reserved 1048576K
}
Event: 881.081 GC heap after
{Heap after GC invocations=46 (full 4):
 garbage-first heap   total 147456K, used 38132K [0x0000000704e00000, 0x0000000800000000)
  region size 2048K, 0 young (0K), 0 survivors (0K)
 Metaspace       used 84763K, committed 86080K, reserved 1179648K
  class space    used 11601K, committed 12160K, reserved 1048576K
}
Event: 882.403 GC heap before
{Heap before GC invocations=46 (full 4):
 garbage-first heap   total 147456K, used 120052K [0x0000000704e00000, 0x0000000800000000)
  region size 2048K, 40 young (81920K), 0 survivors (0K)
 Metaspace       used 85207K, committed 86272K, reserved 1179648K
  class space    used 11649K, committed 12160K, reserved 1048576K
}
Event: 882.406 GC heap after
{Heap after GC invocations=47 (full 4):
 garbage-first heap   total 147456K, used 43744K [0x0000000704e00000, 0x0000000800000000)
  region size 2048K, 3 young (6144K), 3 survivors (6144K)
 Metaspace       used 85207K, committed 86272K, reserved 1179648K
  class space    used 11649K, committed 12160K, reserved 1048576K
}
Event: 882.595 GC heap before
{Heap before GC invocations=47 (full 4):
 garbage-first heap   total 147456K, used 119520K [0x0000000704e00000, 0x0000000800000000)
  region size 2048K, 41 young (83968K), 3 survivors (6144K)
 Metaspace       used 85370K, committed 86400K, reserved 1179648K
  class space    used 11659K, committed 12160K, reserved 1048576K
}
Event: 882.603 GC heap after
{Heap after GC invocations=48 (full 4):
 garbage-first heap   total 149504K, used 56797K [0x0000000704e00000, 0x0000000800000000)
  region size 2048K, 6 young (12288K), 6 survivors (12288K)
 Metaspace       used 85370K, committed 86400K, reserved 1179648K
  class space    used 11659K, committed 12160K, reserved 1048576K
}
Event: 882.672 GC heap before
{Heap before GC invocations=48 (full 4):
 garbage-first heap   total 149504K, used 116189K [0x0000000704e00000, 0x0000000800000000)
  region size 2048K, 36 young (73728K), 6 survivors (12288K)
 Metaspace       used 85370K, committed 86400K, reserved 1179648K
  class space    used 11659K, committed 12160K, reserved 1048576K
}
Event: 882.680 GC heap after
{Heap after GC invocations=49 (full 4):
 garbage-first heap   total 149504K, used 68295K [0x0000000704e00000, 0x0000000800000000)
  region size 2048K, 5 young (10240K), 5 survivors (10240K)
 Metaspace       used 85370K, committed 86400K, reserved 1179648K
  class space    used 11659K, committed 12160K, reserved 1048576K
}
Event: 888.362 GC heap before
{Heap before GC invocations=50 (full 4):
 garbage-first heap   total 149504K, used 117447K [0x0000000704e00000, 0x0000000800000000)
  region size 2048K, 29 young (59392K), 5 survivors (10240K)
 Metaspace       used 85449K, committed 86528K, reserved 1179648K
  class space    used 11681K, committed 12160K, reserved 1048576K
}
Event: 888.370 GC heap after
{Heap after GC invocations=51 (full 4):
 garbage-first heap   total 149504K, used 72222K [0x0000000704e00000, 0x0000000800000000)
  region size 2048K, 4 young (8192K), 4 survivors (8192K)
 Metaspace       used 85449K, committed 86528K, reserved 1179648K
  class space    used 11681K, committed 12160K, reserved 1048576K
}
Event: 986.453 GC heap before
{Heap before GC invocations=51 (full 4):
 garbage-first heap   total 149504K, used 94750K [0x0000000704e00000, 0x0000000800000000)
  region size 2048K, 16 young (32768K), 4 survivors (8192K)
 Metaspace       used 85651K, committed 86784K, reserved 1179648K
  class space    used 11719K, committed 12224K, reserved 1048576K
}
Event: 986.500 GC heap after
{Heap after GC invocations=52 (full 5):
 garbage-first heap   total 149504K, used 39579K [0x0000000704e00000, 0x0000000800000000)
  region size 2048K, 0 young (0K), 0 survivors (0K)
 Metaspace       used 85277K, committed 86528K, reserved 1179648K
  class space    used 11678K, committed 12224K, reserved 1048576K
}
Event: 1061.987 GC heap before
{Heap before GC invocations=52 (full 5):
 garbage-first heap   total 149504K, used 115355K [0x0000000704e00000, 0x0000000800000000)
  region size 2048K, 38 young (77824K), 0 survivors (0K)
 Metaspace       used 85628K, committed 86720K, reserved 1179648K
  class space    used 11714K, committed 12224K, reserved 1048576K
}

