# JRE version: Java(TM) SE Runtime Environment (20.0+36) (build 20+36-2344)
# Java VM: Java HotSpot(TM) 64-Bit Server VM (20+36-2344, mixed mode, emulated-client, sharing, tiered, compressed oops, compressed class ptrs, g1 gc, windows-amd64)
GC Precious Log:
 CardTable entry size: 512
 Card Set container configuration: InlinePtr #cards 4 size 8 Array Of Cards #cards 16 size 48 Howl #buckets 8 coarsen threshold 3686 Howl Bitmap #cards 512 size 80 coarsen threshold 460 Card regions per heap region 1 cards per card region 4096
 CPUs: 8 total, 8 available
 Memory: 16064M
 Large Page Support: Disabled
 NUMA Support: Disabled
 Compressed Oops: Enabled (Zero based)
 Heap Region Size: 2M
 Heap Min Capacity: 8M
 Heap Initial Capacity: 252M
 Heap Max Capacity: 4018M
 Pre-touch: Disabled
 Parallel Workers: 8
 Concurrent Workers: 2
 Concurrent Refinement Workers: 8
 Periodic GC: Disabled
Heap:
 garbage-first heap   total 143360K, used 117161K [0x0000000704e00000, 0x0000000800000000)
  region size 2048K, 41 young (83968K), 3 survivors (6144K)
 Metaspace       used 83197K, committed 84416K, reserved 1179648K
  class space    used 11501K, committed 12032K, reserved 1048576K
GC Heap History (20 events):
Event: 3.812 GC heap after
{Heap after GC invocations=17 (full 0):
 garbage-first heap   total 98304K, used 29214K [0x0000000704e00000, 0x0000000800000000)
  region size 2048K, 3 young (6144K), 3 survivors (6144K)
 Metaspace       used 57905K, committed 58560K, reserved 1114112K
  class space    used 7940K, committed 8256K, reserved 1048576K
}
Event: 4.123 GC heap before
{Heap before GC invocations=17 (full 0):
 garbage-first heap   total 98304K, used 78366K [0x0000000704e00000, 0x0000000800000000)
  region size 2048K, 28 young (57344K), 3 survivors (6144K)
 Metaspace       used 62509K, committed 63232K, reserved 1114112K
  class space    used 8622K, committed 8960K, reserved 1048576K
}
Event: 4.127 GC heap after
{Heap after GC invocations=18 (full 0):
 garbage-first heap   total 118784K, used 30283K [0x0000000704e00000, 0x0000000800000000)
  region size 2048K, 3 young (6144K), 3 survivors (6144K)
 Metaspace       used 62509K, committed 63232K, reserved 1114112K
  class space    used 8622K, committed 8960K, reserved 1048576K
}
Event: 4.498 GC heap before
{Heap before GC invocations=18 (full 0):
 garbage-first heap   total 118784K, used 91723K [0x0000000704e00000, 0x0000000800000000)
  region size 2048K, 34 young (69632K), 3 survivors (6144K)
 Metaspace       used 66115K, committed 66816K, reserved 1114112K
  class space    used 9105K, committed 9408K, reserved 1048576K
}
Event: 4.502 GC heap after
{Heap after GC invocations=19 (full 0):
 garbage-first heap   total 118784K, used 32305K [0x0000000704e00000, 0x0000000800000000)
  region size 2048K, 4 young (8192K), 4 survivors (8192K)
 Metaspace       used 66115K, committed 66816K, reserved 1114112K
  class space    used 9105K, committed 9408K, reserved 1048576K
}
Event: 4.872 GC heap before
{Heap before GC invocations=19 (full 0):
 garbage-first heap   total 118784K, used 93745K [0x0000000704e00000, 0x0000000800000000)
  region size 2048K, 34 young (69632K), 4 survivors (8192K)
 Metaspace       used 69362K, committed 70208K, reserved 1114112K
  class space    used 9540K, committed 9920K, reserved 1048576K
}
Event: 4.879 GC heap after
{Heap after GC invocations=20 (full 0):
 garbage-first heap   total 118784K, used 37923K [0x0000000704e00000, 0x0000000800000000)
  region size 2048K, 5 young (10240K), 5 survivors (10240K)
 Metaspace       used 69362K, committed 70208K, reserved 1114112K
  class space    used 9540K, committed 9920K, reserved 1048576K
}
Event: 4.995 GC heap before
{Heap before GC invocations=20 (full 0):
 garbage-first heap   total 118784K, used 95267K [0x0000000704e00000, 0x0000000800000000)
  region size 2048K, 34 young (69632K), 5 survivors (10240K)
 Metaspace       used 69463K, committed 70272K, reserved 1114112K
  class space    used 9555K, committed 9920K, reserved 1048576K
}
Event: 5.001 GC heap after
{Heap after GC invocations=21 (full 0):
 garbage-first heap   total 118784K, used 38501K [0x0000000704e00000, 0x0000000800000000)
  region size 2048K, 3 young (6144K), 3 survivors (6144K)
 Metaspace       used 69463K, committed 70272K, reserved 1114112K
  class space    used 9555K, committed 9920K, reserved 1048576K
}
Event: 5.203 GC heap before
{Heap before GC invocations=21 (full 0):
 garbage-first heap   total 118784K, used 99941K [0x0000000704e00000, 0x0000000800000000)
  region size 2048K, 34 young (69632K), 3 survivors (6144K)
 Metaspace       used 70458K, committed 71296K, reserved 1114112K
  class space    used 9715K, committed 10112K, reserved 1048576K
}
Event: 5.206 GC heap after
{Heap after GC invocations=22 (full 0):
 garbage-first heap   total 143360K, used 36955K [0x0000000704e00000, 0x0000000800000000)
  region size 2048K, 1 young (2048K), 1 survivors (2048K)
 Metaspace       used 70458K, committed 71296K, reserved 1114112K
  class space    used 9715K, committed 10112K, reserved 1048576K
}
Event: 8.905 GC heap before
{Heap before GC invocations=22 (full 0):
 garbage-first heap   total 143360K, used 118875K [0x0000000704e00000, 0x0000000800000000)
  region size 2048K, 42 young (86016K), 1 survivors (2048K)
 Metaspace       used 76851K, committed 77952K, reserved 1179648K
  class space    used 10617K, committed 11136K, reserved 1048576K
}
Event: 8.911 GC heap after
{Heap after GC invocations=23 (full 0):
 garbage-first heap   total 143360K, used 42512K [0x0000000704e00000, 0x0000000800000000)
  region size 2048K, 4 young (8192K), 4 survivors (8192K)
 Metaspace       used 76851K, committed 77952K, reserved 1179648K
  class space    used 10617K, committed 11136K, reserved 1048576K
}
Event: 9.045 GC heap before
{Heap before GC invocations=23 (full 0):
 garbage-first heap   total 143360K, used 62992K [0x0000000704e00000, 0x0000000800000000)
  region size 2048K, 12 young (24576K), 4 survivors (8192K)
 Metaspace       used 78554K, committed 79680K, reserved 1179648K
  class space    used 10760K, committed 11264K, reserved 1048576K
}
Event: 9.050 GC heap after
{Heap after GC invocations=24 (full 0):
 garbage-first heap   total 143360K, used 43377K [0x0000000704e00000, 0x0000000800000000)
  region size 2048K, 4 young (8192K), 4 survivors (8192K)
 Metaspace       used 78554K, committed 79680K, reserved 1179648K
  class space    used 10760K, committed 11264K, reserved 1048576K
}
Event: 11.447 GC heap before
{Heap before GC invocations=25 (full 0):
 garbage-first heap   total 143360K, used 119153K [0x0000000704e00000, 0x0000000800000000)
  region size 2048K, 42 young (86016K), 4 survivors (8192K)
 Metaspace       used 82264K, committed 83456K, reserved 1179648K
  class space    used 11363K, committed 11904K, reserved 1048576K
}
Event: 11.455 GC heap after
{Heap after GC invocations=26 (full 0):
 garbage-first heap   total 143360K, used 49736K [0x0000000704e00000, 0x0000000800000000)
  region size 2048K, 4 young (8192K), 4 survivors (8192K)
 Metaspace       used 82264K, committed 83456K, reserved 1179648K
  class space    used 11363K, committed 11904K, reserved 1048576K
}
Event: 79.968 GC heap before
{Heap before GC invocations=26 (full 0):
 garbage-first heap   total 143360K, used 62024K [0x0000000704e00000, 0x0000000800000000)
  region size 2048K, 12 young (24576K), 4 survivors (8192K)
 Metaspace       used 82819K, committed 84032K, reserved 1179648K
  class space    used 11460K, committed 12032K, reserved 1048576K
}
Event: 80.020 GC heap after
{Heap after GC invocations=27 (full 1):
 garbage-first heap   total 143360K, used 39337K [0x0000000704e00000, 0x0000000800000000)
  region size 2048K, 0 young (0K), 0 survivors (0K)
 Metaspace       used 82818K, committed 84032K, reserved 1179648K
  class space    used 11460K, committed 12032K, reserved 1048576K
}
Event: 80.743 GC heap before
{Heap before GC invocations=27 (full 1):
 garbage-first heap   total 143360K, used 115113K [0x0000000704e00000, 0x0000000800000000)
  region size 2048K, 38 young (77824K), 0 survivors (0K)
 Metaspace       used 83197K, committed 84416K, reserved 1179648K
  class space    used 11501K, committed 12032K, reserved 1048576K
}

